d:\session4\game\tp2\tp2-depart\tp2-depart\debug\vc142.pdb
d:\session4\game\tp2\tp2-depart\tp2-depart\debug\vc142.idb
d:\session4\game\tp2\tp2-depart\tp2-depart\debug\titlescenecontentmanager.obj
d:\session4\game\tp2\tp2-depart\tp2-depart\debug\titlescene.obj
d:\session4\game\tp2\tp2-depart\tp2-depart\debug\player.obj
d:\session4\game\tp2\tp2-depart\tp2-depart\debug\main.obj
d:\session4\game\tp2\tp2-depart\tp2-depart\debug\hud.obj
d:\session4\game\tp2\tp2-depart\tp2-depart\debug\gamescene.obj
d:\session4\game\tp2\tp2-depart\tp2-depart\debug\gameobject.obj
d:\session4\game\tp2\tp2-depart\tp2-depart\debug\gamecontentmanager.obj
d:\session4\game\tp2\tp2-depart\tp2-depart\debug\game.obj
d:\session4\game\tp2\tp2-depart\tp2-depart\debug\flag.obj
d:\session4\game\tp2\tp2-depart\tp2-depart\debug\enemy.obj
d:\session4\game\tp2\tp2-depart\tp2-depart\debug\endscenecontentmanager.obj
d:\session4\game\tp2\tp2-depart\tp2-depart\debug\endscene.obj
d:\session4\game\tp2\tp2-depart\tp2-depart\debug\collisioncircle.obj
d:\session4\game\tp2\tp2-depart\tp2-depart\debug\collectable.obj
d:\session4\game\tp2\tp2-depart\debug\tp2-depart.exe
d:\session4\game\tp2\tp2-depart\tp2-depart\debug\tp2-depart.ilk
d:\session4\game\tp2\tp2-depart\debug\tp2-depart.pdb
d:\session4\game\tp2\tp2-depart\tp2-depart\debug\tp2-depart.tlog\cl.command.1.tlog
d:\session4\game\tp2\tp2-depart\tp2-depart\debug\tp2-depart.tlog\cl.read.1.tlog
d:\session4\game\tp2\tp2-depart\tp2-depart\debug\tp2-depart.tlog\cl.write.1.tlog
d:\session4\game\tp2\tp2-depart\tp2-depart\debug\tp2-depart.tlog\link.command.1.tlog
d:\session4\game\tp2\tp2-depart\tp2-depart\debug\tp2-depart.tlog\link.read.1.tlog
d:\session4\game\tp2\tp2-depart\tp2-depart\debug\tp2-depart.tlog\link.write.1.tlog
